<?xml version="1.0" encoding="UTF-8"?>
<!-- Generated by org.testng.reporters.JUnitXMLReporter -->
<testsuite hostname="MSI" ignored="0" name="Default test(failed)" tests="2" failures="0" timestamp="19 Oct 2021 09:30:41 GMT" time="4.993" errors="0">
  <testcase name="@BeforeTest setup" time="4.973" classname="MyTest.HomePageTest">
    <failure type="java.lang.NullPointerException" message="null value in entry: url=null">
      <![CDATA[java.lang.NullPointerException: null value in entry: url=null
at com.google.common.collect.CollectPreconditions.checkEntryNotNull(CollectPreconditions.java:32)
at com.google.common.collect.SingletonImmutableBiMap.<init>(SingletonImmutableBiMap.java:42)
at com.google.common.collect.ImmutableBiMap.of(ImmutableBiMap.java:72)
at com.google.common.collect.ImmutableMap.of(ImmutableMap.java:124)
at org.openqa.selenium.remote.RemoteWebDriver.get(RemoteWebDriver.java:277)
at Factory.DriverFactory.intiDriver(DriverFactory.java:37)
at MyTest.HomePageTest.setup(HomePageTest.java:25)
... Removed 24 stack frames]]>
    </failure>
  </testcase> <!-- @BeforeTest setup -->
  <testcase name="@AfterTest Close" time="0.0" classname="MyTest.HomePageTest">
    <skipped/>
  </testcase> <!-- @AfterTest Close -->
  <testcase name="contactFooterTest" time="0.0" classname="MyTest.HomePageTest">
    <skipped/>
  </testcase> <!-- contactFooterTest -->
  <testcase name="headerTest" time="0.0" classname="MyTest.HomePageTest">
    <skipped/>
  </testcase> <!-- headerTest -->
</testsuite> <!-- Default test(failed) -->
